Compiling the C compiler identification source file "CMakeCCompilerId.c" failed.
Compiler: C:/Program Files (x86)/Microsoft Visual Studio/2019/Community/VC/Tools/MSVC/14.28.29910/bin/Hostx64/x64/cl.exe 
Build flags: 
Id flags:  

The output was:
2
Compilateur d'optimisation Microsoft (R) C/C++ version 19.28.29914 pour x64
Copyright (C) Microsoft Corporation. Tous droits réservés.

CMakeCCompilerId.c
Microsoft (R) Incremental Linker Version 14.28.29914.0
Copyright (C) Microsoft Corporation.  All rights reserved.

/out:CMakeCCompilerId.exe 
CMakeCCompilerId.obj 
LINK : fatal error LNK1104: impossible d'ouvrir le fichier 'kernel32.lib'


Compiling the CXX compiler identification source file "CMakeCXXCompilerId.cpp" failed.
Compiler: C:/Program Files (x86)/Microsoft Visual Studio/2019/Community/VC/Tools/MSVC/14.28.29910/bin/Hostx64/x64/cl.exe 
Build flags: 
Id flags:  

The output was:
2
Compilateur d'optimisation Microsoft (R) C/C++ version 19.28.29914 pour x64
Copyright (C) Microsoft Corporation. Tous droits réservés.

CMakeCXXCompilerId.cpp
Microsoft (R) Incremental Linker Version 14.28.29914.0
Copyright (C) Microsoft Corporation.  All rights reserved.

/out:CMakeCXXCompilerId.exe 
CMakeCXXCompilerId.obj 
LINK : fatal error LNK1104: impossible d'ouvrir le fichier 'kernel32.lib'


Detecting C compiler ABI info failed to compile with the following output:
Change Dir: C:/Users/aurel/Desktop/MassSprings-StartingCode/myproj/include/glm/out/build/x64-Debug/CMakeFiles/CMakeTmp

Run Build Command(s):C:/Program Files (x86)/Microsoft Visual Studio/2019/Community/Common7/IDE/CommonExtensions/Microsoft/CMake/Ninja/ninja.exe cmTC_54e7a && [1/2] Building C object CMakeFiles\cmTC_54e7a.dir\CMakeCCompilerABI.c.obj
[2/2] Linking C executable cmTC_54e7a.exe
FAILED: cmTC_54e7a.exe 
cmd.exe /C "cd . && "C:\Program Files (x86)\Microsoft Visual Studio\2019\Community\Common7\IDE\CommonExtensions\Microsoft\CMake\CMake\bin\cmake.exe" -E vs_link_exe --intdir=CMakeFiles\cmTC_54e7a.dir --rc=rc --mt=CMAKE_MT-NOTFOUND --manifests  -- "C:\PROGRA~2\Microsoft Visual Studio\2019\Community\VC\Tools\MSVC\14.28.29910\bin\Hostx64\x64\link.exe" /nologo CMakeFiles\cmTC_54e7a.dir\CMakeCCompilerABI.c.obj  /out:cmTC_54e7a.exe /implib:cmTC_54e7a.lib /pdb:cmTC_54e7a.pdb /version:0.0 /machine:x64  /debug /INCREMENTAL /subsystem:console  kernel32.lib user32.lib gdi32.lib winspool.lib shell32.lib ole32.lib oleaut32.lib uuid.lib comdlg32.lib advapi32.lib && cd ."
RC Pass 1: command "rc /fo CMakeFiles\cmTC_54e7a.dir/manifest.res CMakeFiles\cmTC_54e7a.dir/manifest.rc" failed (exit code 0) with the following output:
Le fichier spécifié est introuvable
ninja: build stopped: subcommand failed.




Determining if the C compiler works failed with the following output:
Change Dir: C:/Users/aurel/Desktop/MassSprings-StartingCode/myproj/include/glm/out/build/x64-Debug/CMakeFiles/CMakeTmp

Run Build Command(s):C:/Program Files (x86)/Microsoft Visual Studio/2019/Community/Common7/IDE/CommonExtensions/Microsoft/CMake/Ninja/ninja.exe cmTC_860e0 && [1/2] Building C object CMakeFiles\cmTC_860e0.dir\testCCompiler.c.obj
[2/2] Linking C executable cmTC_860e0.exe
FAILED: cmTC_860e0.exe 
cmd.exe /C "cd . && "C:\Program Files (x86)\Microsoft Visual Studio\2019\Community\Common7\IDE\CommonExtensions\Microsoft\CMake\CMake\bin\cmake.exe" -E vs_link_exe --intdir=CMakeFiles\cmTC_860e0.dir --rc=rc --mt=CMAKE_MT-NOTFOUND --manifests  -- "C:\PROGRA~2\Microsoft Visual Studio\2019\Community\VC\Tools\MSVC\14.28.29910\bin\Hostx64\x64\link.exe" /nologo CMakeFiles\cmTC_860e0.dir\testCCompiler.c.obj  /out:cmTC_860e0.exe /implib:cmTC_860e0.lib /pdb:cmTC_860e0.pdb /version:0.0 /machine:x64  /debug /INCREMENTAL /subsystem:console  kernel32.lib user32.lib gdi32.lib winspool.lib shell32.lib ole32.lib oleaut32.lib uuid.lib comdlg32.lib advapi32.lib && cd ."
RC Pass 1: command "rc /fo CMakeFiles\cmTC_860e0.dir/manifest.res CMakeFiles\cmTC_860e0.dir/manifest.rc" failed (exit code 0) with the following output:
Le fichier spécifié est introuvable
ninja: build stopped: subcommand failed.



